<?xml version="1.0" encoding="UTF-8"?>
<!-- Generated by org.testng.reporters.JUnitXMLReporter -->
<testsuite ignored="0" hostname="Nandhini&#039;sMacBook" failures="0" tests="2" name="Default test" time="13.624" errors="0" timestamp="2026-02-25T15:14:55 IST">
  <testcase classname="io.cucumber.testng.AbstractTestNGCucumberTests" name="runScenario" time="0.367"/>
  <testcase classname="io.cucumber.testng.AbstractTestNGCucumberTests" name="runScenario" time="0.717"/>
</testsuite> <!-- Default test -->
