<?xml version="1.0" encoding="UTF-8"?>
<testng-results ignored="0" total="2" passed="2" failed="0" skipped="0">
  <reporter-output>
  </reporter-output>
  <suite started-at="2026-02-25T15:14:41 IST" name="Default suite" finished-at="2026-02-25T15:14:55 IST" duration-ms="13624">
    <groups>
      <group name="cucumber">
        <method signature="AbstractTestNGCucumberTests.runScenario(io.cucumber.testng.PickleWrapper,io.cucumber.testng.FeatureWrapper)[pri:0, instance:runnerlayer.RunnerClass@15de0b3c]" name="runScenario" class="io.cucumber.testng.AbstractTestNGCucumberTests"/>
      </group> <!-- cucumber -->
    </groups>
    <test started-at="2026-02-25T15:14:41 IST" name="Default test" finished-at="2026-02-25T15:14:55 IST" duration-ms="13624">
      <class name="runnerlayer.RunnerClass">
        <test-method is-config="true" signature="setUpClass(org.testng.ITestContext)[pri:0, instance:runnerlayer.RunnerClass@15de0b3c]" started-at="2026-02-25T15:14:41 IST" name="setUpClass" finished-at="2026-02-25T15:14:42 IST" duration-ms="196" status="PASS">
          <params>
            <param index="0">
              <value>
                <![CDATA[org.testng.TestRunner@3d7fb838]]>
              </value>
            </param>
          </params>
          <reporter-output>
          </reporter-output>
        </test-method> <!-- setUpClass -->
        <test-method is-config="true" signature="preConditions()[pri:0, instance:runnerlayer.RunnerClass@15de0b3c]" started-at="2026-02-25T15:14:42 IST" name="preConditions" finished-at="2026-02-25T15:14:47 IST" duration-ms="5939" status="PASS">
          <reporter-output>
          </reporter-output>
        </test-method> <!-- preConditions -->
        <test-method signature="runScenario(io.cucumber.testng.PickleWrapper,io.cucumber.testng.FeatureWrapper)[pri:0, instance:runnerlayer.RunnerClass@15de0b3c]" started-at="2026-02-25T15:14:47 IST" name="runScenario" description="Runs Cucumber Scenarios" data-provider="scenarios" finished-at="2026-02-25T15:14:48 IST" duration-ms="367" status="PASS">
          <params>
            <param index="0">
              <value>
                <![CDATA["Login with Valid credentials."]]>
              </value>
            </param>
            <param index="1">
              <value>
                <![CDATA["Login Functionn of Leaftaps Application."]]>
              </value>
            </param>
          </params>
          <reporter-output>
          </reporter-output>
        </test-method> <!-- runScenario -->
        <test-method is-config="true" signature="postConditions()[pri:0, instance:runnerlayer.RunnerClass@15de0b3c]" started-at="2026-02-25T15:14:48 IST" name="postConditions" finished-at="2026-02-25T15:14:48 IST" duration-ms="162" status="PASS">
          <reporter-output>
          </reporter-output>
        </test-method> <!-- postConditions -->
        <test-method is-config="true" signature="preConditions()[pri:0, instance:runnerlayer.RunnerClass@15de0b3c]" started-at="2026-02-25T15:14:48 IST" name="preConditions" finished-at="2026-02-25T15:14:52 IST" duration-ms="4475" status="PASS">
          <reporter-output>
          </reporter-output>
        </test-method> <!-- preConditions -->
        <test-method signature="runScenario(io.cucumber.testng.PickleWrapper,io.cucumber.testng.FeatureWrapper)[pri:0, instance:runnerlayer.RunnerClass@15de0b3c]" started-at="2026-02-25T15:14:52 IST" name="runScenario" description="Runs Cucumber Scenarios" data-provider="scenarios" finished-at="2026-02-25T15:14:53 IST" duration-ms="717" status="PASS">
          <params>
            <param index="0">
              <value>
                <![CDATA["Login with Invalid credentials."]]>
              </value>
            </param>
            <param index="1">
              <value>
                <![CDATA["Login Functionn of Leaftaps Application."]]>
              </value>
            </param>
          </params>
          <reporter-output>
          </reporter-output>
        </test-method> <!-- runScenario -->
        <test-method is-config="true" signature="postConditions()[pri:0, instance:runnerlayer.RunnerClass@15de0b3c]" started-at="2026-02-25T15:14:53 IST" name="postConditions" finished-at="2026-02-25T15:14:53 IST" duration-ms="119" status="PASS">
          <reporter-output>
          </reporter-output>
        </test-method> <!-- postConditions -->
        <test-method is-config="true" signature="tearDownClass()[pri:0, instance:runnerlayer.RunnerClass@15de0b3c]" started-at="2026-02-25T15:14:53 IST" name="tearDownClass" finished-at="2026-02-25T15:14:55 IST" duration-ms="1626" status="PASS">
          <reporter-output>
          </reporter-output>
        </test-method> <!-- tearDownClass -->
      </class> <!-- runnerlayer.RunnerClass -->
    </test> <!-- Default test -->
  </suite> <!-- Default suite -->
</testng-results>
